[5.748s] Invoking command in '/home/woni/worskspace/midterm/ros_ws/src/flask_ros': PYTHONPATH=/home/woni/worskspace/midterm/ros_ws/build/flask_ros/prefix_override:/home/woni/worskspace/midterm/ros_ws/install/flask_ros/lib/python3.8/site-packages:${PYTHONPATH} /usr/bin/python3 -W ignore:setup.py install is deprecated setup.py egg_info --egg-base ../../build/flask_ros build --build-base /home/woni/worskspace/midterm/ros_ws/build/flask_ros/build install --record /home/woni/worskspace/midterm/ros_ws/build/flask_ros/install.log --install-scripts $base/lib/flask_ros --single-version-externally-managed install_data
[7.230s] running egg_info
[7.235s] writing ../../build/flask_ros/flask_ros.egg-info/PKG-INFO
[7.238s] writing dependency_links to ../../build/flask_ros/flask_ros.egg-info/dependency_links.txt
[7.240s] writing entry points to ../../build/flask_ros/flask_ros.egg-info/entry_points.txt
[7.248s] writing requirements to ../../build/flask_ros/flask_ros.egg-info/requires.txt
[7.251s] writing top-level names to ../../build/flask_ros/flask_ros.egg-info/top_level.txt
[7.498s] reading manifest file '../../build/flask_ros/flask_ros.egg-info/SOURCES.txt'
[7.506s] writing manifest file '../../build/flask_ros/flask_ros.egg-info/SOURCES.txt'
[7.509s] running build
[7.510s] running build_py
[7.513s] copying flask_ros/client.py -> /home/woni/worskspace/midterm/ros_ws/build/flask_ros/build/lib/flask_ros
[7.520s] running install
[7.527s] running install_lib
[7.539s] copying /home/woni/worskspace/midterm/ros_ws/build/flask_ros/build/lib/flask_ros/client.py -> /home/woni/worskspace/midterm/ros_ws/install/flask_ros/lib/python3.8/site-packages/flask_ros
[7.545s] byte-compiling /home/woni/worskspace/midterm/ros_ws/install/flask_ros/lib/python3.8/site-packages/flask_ros/client.py to client.cpython-38.pyc
[7.574s] running install_data
[7.576s] running install_egg_info
[7.587s] removing '/home/woni/worskspace/midterm/ros_ws/install/flask_ros/lib/python3.8/site-packages/flask_ros-0.0.0-py3.8.egg-info' (and everything under it)
[7.591s] Copying ../../build/flask_ros/flask_ros.egg-info to /home/woni/worskspace/midterm/ros_ws/install/flask_ros/lib/python3.8/site-packages/flask_ros-0.0.0-py3.8.egg-info
[7.598s] running install_scripts
[7.706s] Installing client script to /home/woni/worskspace/midterm/ros_ws/install/flask_ros/lib/flask_ros
[7.709s] Installing server script to /home/woni/worskspace/midterm/ros_ws/install/flask_ros/lib/flask_ros
[7.713s] writing list of installed files to '/home/woni/worskspace/midterm/ros_ws/build/flask_ros/install.log'
[7.784s] Invoked command in '/home/woni/worskspace/midterm/ros_ws/src/flask_ros' returned '0': PYTHONPATH=/home/woni/worskspace/midterm/ros_ws/build/flask_ros/prefix_override:/home/woni/worskspace/midterm/ros_ws/install/flask_ros/lib/python3.8/site-packages:${PYTHONPATH} /usr/bin/python3 -W ignore:setup.py install is deprecated setup.py egg_info --egg-base ../../build/flask_ros build --build-base /home/woni/worskspace/midterm/ros_ws/build/flask_ros/build install --record /home/woni/worskspace/midterm/ros_ws/build/flask_ros/install.log --install-scripts $base/lib/flask_ros --single-version-externally-managed install_data
