running egg_info
creating ../../build/flask_ros/flask_ros.egg-info
writing ../../build/flask_ros/flask_ros.egg-info/PKG-INFO
writing dependency_links to ../../build/flask_ros/flask_ros.egg-info/dependency_links.txt
writing entry points to ../../build/flask_ros/flask_ros.egg-info/entry_points.txt
writing requirements to ../../build/flask_ros/flask_ros.egg-info/requires.txt
writing top-level names to ../../build/flask_ros/flask_ros.egg-info/top_level.txt
writing manifest file '../../build/flask_ros/flask_ros.egg-info/SOURCES.txt'
reading manifest file '../../build/flask_ros/flask_ros.egg-info/SOURCES.txt'
writing manifest file '../../build/flask_ros/flask_ros.egg-info/SOURCES.txt'
running build
running build_py
creating /home/woni/worskspace/midterm/ros_ws/build/flask_ros/build
creating /home/woni/worskspace/midterm/ros_ws/build/flask_ros/build/lib
creating /home/woni/worskspace/midterm/ros_ws/build/flask_ros/build/lib/flask_ros
copying flask_ros/server.py -> /home/woni/worskspace/midterm/ros_ws/build/flask_ros/build/lib/flask_ros
copying flask_ros/__init__.py -> /home/woni/worskspace/midterm/ros_ws/build/flask_ros/build/lib/flask_ros
copying flask_ros/client.py -> /home/woni/worskspace/midterm/ros_ws/build/flask_ros/build/lib/flask_ros
running install
running install_lib
creating /home/woni/worskspace/midterm/ros_ws/install/flask_ros/lib/python3.8/site-packages/flask_ros
copying /home/woni/worskspace/midterm/ros_ws/build/flask_ros/build/lib/flask_ros/server.py -> /home/woni/worskspace/midterm/ros_ws/install/flask_ros/lib/python3.8/site-packages/flask_ros
copying /home/woni/worskspace/midterm/ros_ws/build/flask_ros/build/lib/flask_ros/__init__.py -> /home/woni/worskspace/midterm/ros_ws/install/flask_ros/lib/python3.8/site-packages/flask_ros
copying /home/woni/worskspace/midterm/ros_ws/build/flask_ros/build/lib/flask_ros/client.py -> /home/woni/worskspace/midterm/ros_ws/install/flask_ros/lib/python3.8/site-packages/flask_ros
byte-compiling /home/woni/worskspace/midterm/ros_ws/install/flask_ros/lib/python3.8/site-packages/flask_ros/server.py to server.cpython-38.pyc
byte-compiling /home/woni/worskspace/midterm/ros_ws/install/flask_ros/lib/python3.8/site-packages/flask_ros/__init__.py to __init__.cpython-38.pyc
byte-compiling /home/woni/worskspace/midterm/ros_ws/install/flask_ros/lib/python3.8/site-packages/flask_ros/client.py to client.cpython-38.pyc
running install_data
creating /home/woni/worskspace/midterm/ros_ws/install/flask_ros/share/ament_index
creating /home/woni/worskspace/midterm/ros_ws/install/flask_ros/share/ament_index/resource_index
creating /home/woni/worskspace/midterm/ros_ws/install/flask_ros/share/ament_index/resource_index/packages
copying resource/flask_ros -> /home/woni/worskspace/midterm/ros_ws/install/flask_ros/share/ament_index/resource_index/packages
copying package.xml -> /home/woni/worskspace/midterm/ros_ws/install/flask_ros/share/flask_ros
running install_egg_info
Copying ../../build/flask_ros/flask_ros.egg-info to /home/woni/worskspace/midterm/ros_ws/install/flask_ros/lib/python3.8/site-packages/flask_ros-0.0.0-py3.8.egg-info
running install_scripts
Installing client script to /home/woni/worskspace/midterm/ros_ws/install/flask_ros/lib/flask_ros
Installing server script to /home/woni/worskspace/midterm/ros_ws/install/flask_ros/lib/flask_ros
writing list of installed files to '/home/woni/worskspace/midterm/ros_ws/build/flask_ros/install.log'
