[4.393s] Invoking command in '/home/woni/worskspace/midterm/ros_ws/src/flask_ros': PYTHONPATH=/home/woni/worskspace/midterm/ros_ws/build/flask_ros/prefix_override:/home/woni/worskspace/midterm/ros_ws/install/flask_ros/lib/python3.8/site-packages:${PYTHONPATH} /usr/bin/python3 -W ignore:setup.py install is deprecated setup.py egg_info --egg-base ../../build/flask_ros build --build-base /home/woni/worskspace/midterm/ros_ws/build/flask_ros/build install --record /home/woni/worskspace/midterm/ros_ws/build/flask_ros/install.log --install-scripts $base/lib/flask_ros --single-version-externally-managed install_data
[5.745s] running egg_info
[5.750s] creating ../../build/flask_ros/flask_ros.egg-info
[5.753s] writing ../../build/flask_ros/flask_ros.egg-info/PKG-INFO
[5.756s] writing dependency_links to ../../build/flask_ros/flask_ros.egg-info/dependency_links.txt
[5.758s] writing entry points to ../../build/flask_ros/flask_ros.egg-info/entry_points.txt
[5.760s] writing requirements to ../../build/flask_ros/flask_ros.egg-info/requires.txt
[5.761s] writing top-level names to ../../build/flask_ros/flask_ros.egg-info/top_level.txt
[5.770s] writing manifest file '../../build/flask_ros/flask_ros.egg-info/SOURCES.txt'
[6.004s] reading manifest file '../../build/flask_ros/flask_ros.egg-info/SOURCES.txt'
[6.009s] writing manifest file '../../build/flask_ros/flask_ros.egg-info/SOURCES.txt'
[6.012s] running build
[6.013s] running build_py
[6.015s] creating /home/woni/worskspace/midterm/ros_ws/build/flask_ros/build
[6.017s] creating /home/woni/worskspace/midterm/ros_ws/build/flask_ros/build/lib
[6.018s] creating /home/woni/worskspace/midterm/ros_ws/build/flask_ros/build/lib/flask_ros
[6.020s] copying flask_ros/server.py -> /home/woni/worskspace/midterm/ros_ws/build/flask_ros/build/lib/flask_ros
[6.022s] copying flask_ros/__init__.py -> /home/woni/worskspace/midterm/ros_ws/build/flask_ros/build/lib/flask_ros
[6.023s] copying flask_ros/client.py -> /home/woni/worskspace/midterm/ros_ws/build/flask_ros/build/lib/flask_ros
[6.026s] running install
[6.031s] running install_lib
[6.037s] creating /home/woni/worskspace/midterm/ros_ws/install/flask_ros/lib/python3.8/site-packages/flask_ros
[6.038s] copying /home/woni/worskspace/midterm/ros_ws/build/flask_ros/build/lib/flask_ros/server.py -> /home/woni/worskspace/midterm/ros_ws/install/flask_ros/lib/python3.8/site-packages/flask_ros
[6.040s] copying /home/woni/worskspace/midterm/ros_ws/build/flask_ros/build/lib/flask_ros/__init__.py -> /home/woni/worskspace/midterm/ros_ws/install/flask_ros/lib/python3.8/site-packages/flask_ros
[6.042s] copying /home/woni/worskspace/midterm/ros_ws/build/flask_ros/build/lib/flask_ros/client.py -> /home/woni/worskspace/midterm/ros_ws/install/flask_ros/lib/python3.8/site-packages/flask_ros
[6.046s] byte-compiling /home/woni/worskspace/midterm/ros_ws/install/flask_ros/lib/python3.8/site-packages/flask_ros/server.py to server.cpython-38.pyc
[6.054s] byte-compiling /home/woni/worskspace/midterm/ros_ws/install/flask_ros/lib/python3.8/site-packages/flask_ros/__init__.py to __init__.cpython-38.pyc
[6.057s] byte-compiling /home/woni/worskspace/midterm/ros_ws/install/flask_ros/lib/python3.8/site-packages/flask_ros/client.py to client.cpython-38.pyc
[6.060s] running install_data
[6.062s] creating /home/woni/worskspace/midterm/ros_ws/install/flask_ros/share/ament_index
[6.063s] creating /home/woni/worskspace/midterm/ros_ws/install/flask_ros/share/ament_index/resource_index
[6.065s] creating /home/woni/worskspace/midterm/ros_ws/install/flask_ros/share/ament_index/resource_index/packages
[6.068s] copying resource/flask_ros -> /home/woni/worskspace/midterm/ros_ws/install/flask_ros/share/ament_index/resource_index/packages
[6.070s] copying package.xml -> /home/woni/worskspace/midterm/ros_ws/install/flask_ros/share/flask_ros
[6.072s] running install_egg_info
[6.080s] Copying ../../build/flask_ros/flask_ros.egg-info to /home/woni/worskspace/midterm/ros_ws/install/flask_ros/lib/python3.8/site-packages/flask_ros-0.0.0-py3.8.egg-info
[6.099s] running install_scripts
[6.196s] Installing client script to /home/woni/worskspace/midterm/ros_ws/install/flask_ros/lib/flask_ros
[6.199s] Installing server script to /home/woni/worskspace/midterm/ros_ws/install/flask_ros/lib/flask_ros
[6.202s] writing list of installed files to '/home/woni/worskspace/midterm/ros_ws/build/flask_ros/install.log'
[6.253s] Invoked command in '/home/woni/worskspace/midterm/ros_ws/src/flask_ros' returned '0': PYTHONPATH=/home/woni/worskspace/midterm/ros_ws/build/flask_ros/prefix_override:/home/woni/worskspace/midterm/ros_ws/install/flask_ros/lib/python3.8/site-packages:${PYTHONPATH} /usr/bin/python3 -W ignore:setup.py install is deprecated setup.py egg_info --egg-base ../../build/flask_ros build --build-base /home/woni/worskspace/midterm/ros_ws/build/flask_ros/build install --record /home/woni/worskspace/midterm/ros_ws/build/flask_ros/install.log --install-scripts $base/lib/flask_ros --single-version-externally-managed install_data
