[1.387s] DEBUG:colcon:Command line arguments: ['/usr/bin/colcon', 'build']
[1.388s] DEBUG:colcon:Parsed command line arguments: Namespace(allow_overriding=[], ament_cmake_args=None, base_paths=['.'], build_base='build', catkin_cmake_args=None, catkin_skip_building_tests=False, cmake_args=None, cmake_clean_cache=False, cmake_clean_first=False, cmake_force_configure=False, cmake_target=None, cmake_target_skip_unavailable=False, continue_on_error=False, event_handlers=None, executor='parallel', ignore_user_meta=False, install_base='install', log_base=None, log_level=None, main=<bound method BuildVerb.main of <colcon_core.verb.build.BuildVerb object at 0x7f083ebdd070>>, merge_install=False, metas=['./colcon.meta'], packages_above=None, packages_above_and_dependencies=None, packages_above_depth=None, packages_end=None, packages_ignore=None, packages_ignore_regex=None, packages_select=None, packages_select_build_failed=False, packages_select_by_dep=None, packages_select_regex=None, packages_select_test_failures=False, packages_skip=None, packages_skip_build_finished=False, packages_skip_by_dep=None, packages_skip_regex=None, packages_skip_test_passed=False, packages_skip_up_to=None, packages_start=None, packages_up_to=None, packages_up_to_regex=None, parallel_workers=1, paths=None, symlink_install=False, test_result_base=None, verb_extension=<colcon_core.verb.build.BuildVerb object at 0x7f083ebdd070>, verb_name='build', verb_parser=<colcon_defaults.argument_parser.defaults.DefaultArgumentsDecorator object at 0x7f083ead5dc0>)
[2.530s] Level 1:colcon.colcon_core.package_discovery:discover_packages(colcon_meta) check parameters
[2.531s] Level 1:colcon.colcon_core.package_discovery:discover_packages(recursive) check parameters
[2.531s] Level 1:colcon.colcon_core.package_discovery:discover_packages(ignore) check parameters
[2.531s] Level 1:colcon.colcon_core.package_discovery:discover_packages(path) check parameters
[2.532s] Level 1:colcon.colcon_core.package_discovery:discover_packages(colcon_meta) discover
[2.532s] Level 1:colcon.colcon_core.package_discovery:discover_packages(recursive) discover
[2.532s] INFO:colcon.colcon_core.package_discovery:Crawling recursively for packages in '/home/woni/worskspace/midterm/ros_ws'
[2.533s] Level 1:colcon.colcon_core.package_identification:_identify(.) by extensions ['ignore', 'ignore_ament_install']
[2.534s] Level 1:colcon.colcon_core.package_identification:_identify(.) by extension 'ignore'
[2.534s] Level 1:colcon.colcon_core.package_identification:_identify(.) by extension 'ignore_ament_install'
[2.534s] Level 1:colcon.colcon_core.package_identification:_identify(.) by extensions ['colcon_pkg']
[2.534s] Level 1:colcon.colcon_core.package_identification:_identify(.) by extension 'colcon_pkg'
[2.535s] Level 1:colcon.colcon_core.package_identification:_identify(.) by extensions ['colcon_meta']
[2.535s] Level 1:colcon.colcon_core.package_identification:_identify(.) by extension 'colcon_meta'
[2.535s] Level 1:colcon.colcon_core.package_identification:_identify(.) by extensions ['ros']
[2.535s] Level 1:colcon.colcon_core.package_identification:_identify(.) by extension 'ros'
[2.599s] Level 1:colcon.colcon_core.package_identification:_identify(.) by extensions ['cmake', 'python']
[2.600s] Level 1:colcon.colcon_core.package_identification:_identify(.) by extension 'cmake'
[2.600s] Level 1:colcon.colcon_core.package_identification:_identify(.) by extension 'python'
[2.600s] Level 1:colcon.colcon_core.package_identification:_identify(.) by extensions ['python_setup_py']
[2.601s] Level 1:colcon.colcon_core.package_identification:_identify(.) by extension 'python_setup_py'
[2.601s] Level 1:colcon.colcon_core.package_identification:_identify(build) by extensions ['ignore', 'ignore_ament_install']
[2.602s] Level 1:colcon.colcon_core.package_identification:_identify(build) by extension 'ignore'
[2.602s] Level 1:colcon.colcon_core.package_identification:_identify(build) ignored
[2.603s] Level 1:colcon.colcon_core.package_identification:_identify(install) by extensions ['ignore', 'ignore_ament_install']
[2.603s] Level 1:colcon.colcon_core.package_identification:_identify(install) by extension 'ignore'
[2.603s] Level 1:colcon.colcon_core.package_identification:_identify(install) ignored
[2.604s] Level 1:colcon.colcon_core.package_identification:_identify(log) by extensions ['ignore', 'ignore_ament_install']
[2.604s] Level 1:colcon.colcon_core.package_identification:_identify(log) by extension 'ignore'
[2.605s] Level 1:colcon.colcon_core.package_identification:_identify(log) ignored
[2.613s] Level 1:colcon.colcon_core.package_identification:_identify(src) by extensions ['ignore', 'ignore_ament_install']
[2.614s] Level 1:colcon.colcon_core.package_identification:_identify(src) by extension 'ignore'
[2.614s] Level 1:colcon.colcon_core.package_identification:_identify(src) by extension 'ignore_ament_install'
[2.614s] Level 1:colcon.colcon_core.package_identification:_identify(src) by extensions ['colcon_pkg']
[2.615s] Level 1:colcon.colcon_core.package_identification:_identify(src) by extension 'colcon_pkg'
[2.615s] Level 1:colcon.colcon_core.package_identification:_identify(src) by extensions ['colcon_meta']
[2.615s] Level 1:colcon.colcon_core.package_identification:_identify(src) by extension 'colcon_meta'
[2.615s] Level 1:colcon.colcon_core.package_identification:_identify(src) by extensions ['ros']
[2.616s] Level 1:colcon.colcon_core.package_identification:_identify(src) by extension 'ros'
[2.616s] Level 1:colcon.colcon_core.package_identification:_identify(src) by extensions ['cmake', 'python']
[2.617s] Level 1:colcon.colcon_core.package_identification:_identify(src) by extension 'cmake'
[2.617s] Level 1:colcon.colcon_core.package_identification:_identify(src) by extension 'python'
[2.617s] Level 1:colcon.colcon_core.package_identification:_identify(src) by extensions ['python_setup_py']
[2.617s] Level 1:colcon.colcon_core.package_identification:_identify(src) by extension 'python_setup_py'
[2.618s] Level 1:colcon.colcon_core.package_identification:_identify(src/flask_ros) by extensions ['ignore', 'ignore_ament_install']
[2.619s] Level 1:colcon.colcon_core.package_identification:_identify(src/flask_ros) by extension 'ignore'
[2.619s] Level 1:colcon.colcon_core.package_identification:_identify(src/flask_ros) by extension 'ignore_ament_install'
[2.619s] Level 1:colcon.colcon_core.package_identification:_identify(src/flask_ros) by extensions ['colcon_pkg']
[2.619s] Level 1:colcon.colcon_core.package_identification:_identify(src/flask_ros) by extension 'colcon_pkg'
[2.620s] Level 1:colcon.colcon_core.package_identification:_identify(src/flask_ros) by extensions ['colcon_meta']
[2.620s] Level 1:colcon.colcon_core.package_identification:_identify(src/flask_ros) by extension 'colcon_meta'
[2.620s] Level 1:colcon.colcon_core.package_identification:_identify(src/flask_ros) by extensions ['ros']
[2.620s] Level 1:colcon.colcon_core.package_identification:_identify(src/flask_ros) by extension 'ros'
[2.652s] DEBUG:colcon.colcon_core.package_identification:Package 'src/flask_ros' with type 'ros.ament_python' and name 'flask_ros'
[2.652s] Level 1:colcon.colcon_core.package_discovery:discover_packages(recursive) using defaults
[2.652s] Level 1:colcon.colcon_core.package_discovery:discover_packages(ignore) discover
[2.653s] Level 1:colcon.colcon_core.package_discovery:discover_packages(ignore) using defaults
[2.653s] Level 1:colcon.colcon_core.package_discovery:discover_packages(path) discover
[2.660s] Level 1:colcon.colcon_core.package_discovery:discover_packages(path) using defaults
[2.770s] Level 1:colcon.colcon_core.package_discovery:discover_packages(prefix_path) check parameters
[2.770s] Level 1:colcon.colcon_core.package_discovery:discover_packages(prefix_path) discover
[2.774s] Level 1:colcon.colcon_core.package_discovery:discover_packages(prefix_path) using defaults
[2.780s] Level 5:colcon.colcon_core.verb:set package 'flask_ros' build argument 'cmake_args' from command line to 'None'
[2.780s] Level 5:colcon.colcon_core.verb:set package 'flask_ros' build argument 'cmake_target' from command line to 'None'
[2.780s] Level 5:colcon.colcon_core.verb:set package 'flask_ros' build argument 'cmake_target_skip_unavailable' from command line to 'False'
[2.780s] Level 5:colcon.colcon_core.verb:set package 'flask_ros' build argument 'cmake_clean_cache' from command line to 'False'
[2.781s] Level 5:colcon.colcon_core.verb:set package 'flask_ros' build argument 'cmake_clean_first' from command line to 'False'
[2.781s] Level 5:colcon.colcon_core.verb:set package 'flask_ros' build argument 'cmake_force_configure' from command line to 'False'
[2.781s] Level 5:colcon.colcon_core.verb:set package 'flask_ros' build argument 'ament_cmake_args' from command line to 'None'
[2.781s] Level 5:colcon.colcon_core.verb:set package 'flask_ros' build argument 'catkin_cmake_args' from command line to 'None'
[2.781s] Level 5:colcon.colcon_core.verb:set package 'flask_ros' build argument 'catkin_skip_building_tests' from command line to 'False'
[2.781s] DEBUG:colcon.colcon_core.verb:Building package 'flask_ros' with the following arguments: {'ament_cmake_args': None, 'build_base': '/home/woni/worskspace/midterm/ros_ws/build/flask_ros', 'catkin_cmake_args': None, 'catkin_skip_building_tests': False, 'cmake_args': None, 'cmake_clean_cache': False, 'cmake_clean_first': False, 'cmake_force_configure': False, 'cmake_target': None, 'cmake_target_skip_unavailable': False, 'install_base': '/home/woni/worskspace/midterm/ros_ws/install/flask_ros', 'merge_install': False, 'path': '/home/woni/worskspace/midterm/ros_ws/src/flask_ros', 'symlink_install': False, 'test_result_base': None}
[2.782s] INFO:colcon.colcon_core.executor:Executing jobs using 'parallel' executor
[2.786s] DEBUG:colcon.colcon_parallel_executor.executor.parallel:run_until_complete
[2.787s] INFO:colcon.colcon_ros.task.ament_python.build:Building ROS package in '/home/woni/worskspace/midterm/ros_ws/src/flask_ros' with build type 'ament_python'
[2.788s] Level 1:colcon.colcon_core.shell:create_environment_hook('flask_ros', 'ament_prefix_path')
[2.800s] INFO:colcon.colcon_core.plugin_system:Skipping extension 'colcon_core.shell.bat': Not used on non-Windows systems
[2.801s] INFO:colcon.colcon_core.shell:Creating environment hook '/home/woni/worskspace/midterm/ros_ws/install/flask_ros/share/flask_ros/hook/ament_prefix_path.ps1'
[2.817s] INFO:colcon.colcon_core.shell:Creating environment descriptor '/home/woni/worskspace/midterm/ros_ws/install/flask_ros/share/flask_ros/hook/ament_prefix_path.dsv'
[2.832s] INFO:colcon.colcon_core.shell:Creating environment hook '/home/woni/worskspace/midterm/ros_ws/install/flask_ros/share/flask_ros/hook/ament_prefix_path.sh'
[2.848s] INFO:colcon.colcon_core.shell:Skip shell extension 'powershell' for command environment: Not usable outside of PowerShell
[2.848s] DEBUG:colcon.colcon_core.shell:Skip shell extension 'dsv' for command environment
[4.109s] INFO:colcon.colcon_core.task.python.build:Building Python package in '/home/woni/worskspace/midterm/ros_ws/src/flask_ros'
[4.111s] INFO:colcon.colcon_core.shell:Skip shell extension 'powershell' for command environment: Not usable outside of PowerShell
[4.111s] DEBUG:colcon.colcon_core.shell:Skip shell extension 'dsv' for command environment
[6.329s] DEBUG:colcon.colcon_core.event_handler.log_command:Invoking command in '/home/woni/worskspace/midterm/ros_ws/src/flask_ros': CONDA_PROMPT_MODIFIER=(base) PYTHONPATH=/home/woni/worskspace/midterm/ros_ws/build/flask_ros/prefix_override:/home/woni/worskspace/midterm/ros_ws/install/flask_ros/lib/python3.8/site-packages: /usr/bin/python3 -W ignore:setup.py install is deprecated setup.py egg_info --egg-base ../../build/flask_ros build --build-base /home/woni/worskspace/midterm/ros_ws/build/flask_ros/build install --record /home/woni/worskspace/midterm/ros_ws/build/flask_ros/install.log --install-scripts $base/lib/flask_ros --single-version-externally-managed install_data
[8.030s] DEBUG:colcon.colcon_core.event_handler.log_command:Invoked command in '/home/woni/worskspace/midterm/ros_ws/src/flask_ros' returned '0': CONDA_PROMPT_MODIFIER=(base) PYTHONPATH=/home/woni/worskspace/midterm/ros_ws/build/flask_ros/prefix_override:/home/woni/worskspace/midterm/ros_ws/install/flask_ros/lib/python3.8/site-packages: /usr/bin/python3 -W ignore:setup.py install is deprecated setup.py egg_info --egg-base ../../build/flask_ros build --build-base /home/woni/worskspace/midterm/ros_ws/build/flask_ros/build install --record /home/woni/worskspace/midterm/ros_ws/build/flask_ros/install.log --install-scripts $base/lib/flask_ros --single-version-externally-managed install_data
[8.049s] Level 1:colcon.colcon_core.environment:checking '/home/woni/worskspace/midterm/ros_ws/install/flask_ros' for CMake module files
[8.052s] Level 1:colcon.colcon_core.environment:checking '/home/woni/worskspace/midterm/ros_ws/install/flask_ros' for CMake config files
[8.063s] Level 1:colcon.colcon_core.environment:checking '/home/woni/worskspace/midterm/ros_ws/install/flask_ros/lib'
[8.064s] Level 1:colcon.colcon_core.environment:checking '/home/woni/worskspace/midterm/ros_ws/install/flask_ros/bin'
[8.064s] Level 1:colcon.colcon_core.environment:checking '/home/woni/worskspace/midterm/ros_ws/install/flask_ros/lib/pkgconfig/flask_ros.pc'
[8.066s] Level 1:colcon.colcon_core.environment:checking '/home/woni/worskspace/midterm/ros_ws/install/flask_ros/lib/python3.8/site-packages'
[8.066s] Level 1:colcon.colcon_core.shell:create_environment_hook('flask_ros', 'pythonpath')
[8.067s] INFO:colcon.colcon_core.shell:Creating environment hook '/home/woni/worskspace/midterm/ros_ws/install/flask_ros/share/flask_ros/hook/pythonpath.ps1'
[8.071s] INFO:colcon.colcon_core.shell:Creating environment descriptor '/home/woni/worskspace/midterm/ros_ws/install/flask_ros/share/flask_ros/hook/pythonpath.dsv'
[8.073s] INFO:colcon.colcon_core.shell:Creating environment hook '/home/woni/worskspace/midterm/ros_ws/install/flask_ros/share/flask_ros/hook/pythonpath.sh'
[8.076s] Level 1:colcon.colcon_core.environment:checking '/home/woni/worskspace/midterm/ros_ws/install/flask_ros/bin'
[8.076s] Level 1:colcon.colcon_core.environment:create_environment_scripts_only(flask_ros)
[8.078s] INFO:colcon.colcon_core.shell:Creating package script '/home/woni/worskspace/midterm/ros_ws/install/flask_ros/share/flask_ros/package.ps1'
[8.083s] INFO:colcon.colcon_core.shell:Creating package descriptor '/home/woni/worskspace/midterm/ros_ws/install/flask_ros/share/flask_ros/package.dsv'
[8.086s] INFO:colcon.colcon_core.shell:Creating package script '/home/woni/worskspace/midterm/ros_ws/install/flask_ros/share/flask_ros/package.sh'
[8.090s] INFO:colcon.colcon_core.shell:Creating package script '/home/woni/worskspace/midterm/ros_ws/install/flask_ros/share/flask_ros/package.bash'
[8.093s] INFO:colcon.colcon_core.shell:Creating package script '/home/woni/worskspace/midterm/ros_ws/install/flask_ros/share/flask_ros/package.zsh'
[8.097s] Level 1:colcon.colcon_core.environment:create_file_with_runtime_dependencies(/home/woni/worskspace/midterm/ros_ws/install/flask_ros/share/colcon-core/packages/flask_ros)
[8.102s] DEBUG:colcon.colcon_parallel_executor.executor.parallel:closing loop
[8.103s] DEBUG:colcon.colcon_parallel_executor.executor.parallel:loop closed
[8.103s] DEBUG:colcon.colcon_parallel_executor.executor.parallel:run_until_complete finished with '0'
[8.104s] DEBUG:colcon.colcon_core.event_reactor:joining thread
[8.167s] INFO:colcon.colcon_core.plugin_system:Skipping extension 'colcon_notification.desktop_notification.terminal_notifier': Not used on non-Darwin systems
[8.168s] INFO:colcon.colcon_core.plugin_system:Skipping extension 'colcon_notification.desktop_notification.win32': Not used on non-Windows systems
[8.168s] INFO:colcon.colcon_notification.desktop_notification:Sending desktop notification using 'notify2'
[8.313s] DEBUG:colcon.colcon_core.event_reactor:joined thread
[8.315s] INFO:colcon.colcon_core.shell:Creating prefix script '/home/woni/worskspace/midterm/ros_ws/install/local_setup.ps1'
[8.331s] INFO:colcon.colcon_core.shell:Creating prefix util module '/home/woni/worskspace/midterm/ros_ws/install/_local_setup_util_ps1.py'
[8.339s] INFO:colcon.colcon_core.shell:Creating prefix chain script '/home/woni/worskspace/midterm/ros_ws/install/setup.ps1'
[8.344s] INFO:colcon.colcon_core.shell:Creating prefix script '/home/woni/worskspace/midterm/ros_ws/install/local_setup.sh'
[8.347s] INFO:colcon.colcon_core.shell:Creating prefix util module '/home/woni/worskspace/midterm/ros_ws/install/_local_setup_util_sh.py'
[8.351s] INFO:colcon.colcon_core.shell:Creating prefix chain script '/home/woni/worskspace/midterm/ros_ws/install/setup.sh'
[8.356s] INFO:colcon.colcon_core.shell:Creating prefix script '/home/woni/worskspace/midterm/ros_ws/install/local_setup.bash'
[8.359s] INFO:colcon.colcon_core.shell:Creating prefix chain script '/home/woni/worskspace/midterm/ros_ws/install/setup.bash'
[8.363s] INFO:colcon.colcon_core.shell:Creating prefix script '/home/woni/worskspace/midterm/ros_ws/install/local_setup.zsh'
[8.365s] INFO:colcon.colcon_core.shell:Creating prefix chain script '/home/woni/worskspace/midterm/ros_ws/install/setup.zsh'
