[1.085s] DEBUG:colcon:Command line arguments: ['/usr/bin/colcon', 'build']
[1.086s] DEBUG:colcon:Parsed command line arguments: Namespace(allow_overriding=[], ament_cmake_args=None, base_paths=['.'], build_base='build', catkin_cmake_args=None, catkin_skip_building_tests=False, cmake_args=None, cmake_clean_cache=False, cmake_clean_first=False, cmake_force_configure=False, cmake_target=None, cmake_target_skip_unavailable=False, continue_on_error=False, event_handlers=None, executor='parallel', ignore_user_meta=False, install_base='install', log_base=None, log_level=None, main=<bound method BuildVerb.main of <colcon_core.verb.build.BuildVerb object at 0x7f96b00b39a0>>, merge_install=False, metas=['./colcon.meta'], packages_above=None, packages_above_and_dependencies=None, packages_above_depth=None, packages_end=None, packages_ignore=None, packages_ignore_regex=None, packages_select=None, packages_select_build_failed=False, packages_select_by_dep=None, packages_select_regex=None, packages_select_test_failures=False, packages_skip=None, packages_skip_build_finished=False, packages_skip_by_dep=None, packages_skip_regex=None, packages_skip_test_passed=False, packages_skip_up_to=None, packages_start=None, packages_up_to=None, packages_up_to_regex=None, parallel_workers=1, paths=None, symlink_install=False, test_result_base=None, verb_extension=<colcon_core.verb.build.BuildVerb object at 0x7f96b00b39a0>, verb_name='build', verb_parser=<colcon_defaults.argument_parser.defaults.DefaultArgumentsDecorator object at 0x7f96b003b580>)
[1.923s] Level 1:colcon.colcon_core.package_discovery:discover_packages(colcon_meta) check parameters
[1.924s] Level 1:colcon.colcon_core.package_discovery:discover_packages(recursive) check parameters
[1.924s] Level 1:colcon.colcon_core.package_discovery:discover_packages(ignore) check parameters
[1.924s] Level 1:colcon.colcon_core.package_discovery:discover_packages(path) check parameters
[1.924s] Level 1:colcon.colcon_core.package_discovery:discover_packages(colcon_meta) discover
[1.924s] Level 1:colcon.colcon_core.package_discovery:discover_packages(recursive) discover
[1.925s] INFO:colcon.colcon_core.package_discovery:Crawling recursively for packages in '/home/woni/worskspace/midterm/ros_ws'
[1.925s] Level 1:colcon.colcon_core.package_identification:_identify(.) by extensions ['ignore', 'ignore_ament_install']
[1.926s] Level 1:colcon.colcon_core.package_identification:_identify(.) by extension 'ignore'
[1.926s] Level 1:colcon.colcon_core.package_identification:_identify(.) by extension 'ignore_ament_install'
[1.927s] Level 1:colcon.colcon_core.package_identification:_identify(.) by extensions ['colcon_pkg']
[1.927s] Level 1:colcon.colcon_core.package_identification:_identify(.) by extension 'colcon_pkg'
[1.927s] Level 1:colcon.colcon_core.package_identification:_identify(.) by extensions ['colcon_meta']
[1.927s] Level 1:colcon.colcon_core.package_identification:_identify(.) by extension 'colcon_meta'
[1.927s] Level 1:colcon.colcon_core.package_identification:_identify(.) by extensions ['ros']
[1.927s] Level 1:colcon.colcon_core.package_identification:_identify(.) by extension 'ros'
[1.984s] Level 1:colcon.colcon_core.package_identification:_identify(.) by extensions ['cmake', 'python']
[1.984s] Level 1:colcon.colcon_core.package_identification:_identify(.) by extension 'cmake'
[1.984s] Level 1:colcon.colcon_core.package_identification:_identify(.) by extension 'python'
[1.984s] Level 1:colcon.colcon_core.package_identification:_identify(.) by extensions ['python_setup_py']
[1.985s] Level 1:colcon.colcon_core.package_identification:_identify(.) by extension 'python_setup_py'
[1.985s] Level 1:colcon.colcon_core.package_identification:_identify(build) by extensions ['ignore', 'ignore_ament_install']
[1.986s] Level 1:colcon.colcon_core.package_identification:_identify(build) by extension 'ignore'
[1.986s] Level 1:colcon.colcon_core.package_identification:_identify(build) ignored
[1.987s] Level 1:colcon.colcon_core.package_identification:_identify(install) by extensions ['ignore', 'ignore_ament_install']
[1.987s] Level 1:colcon.colcon_core.package_identification:_identify(install) by extension 'ignore'
[1.987s] Level 1:colcon.colcon_core.package_identification:_identify(install) ignored
[1.988s] Level 1:colcon.colcon_core.package_identification:_identify(log) by extensions ['ignore', 'ignore_ament_install']
[1.988s] Level 1:colcon.colcon_core.package_identification:_identify(log) by extension 'ignore'
[1.989s] Level 1:colcon.colcon_core.package_identification:_identify(log) ignored
[1.989s] Level 1:colcon.colcon_core.package_identification:_identify(src) by extensions ['ignore', 'ignore_ament_install']
[1.989s] Level 1:colcon.colcon_core.package_identification:_identify(src) by extension 'ignore'
[1.990s] Level 1:colcon.colcon_core.package_identification:_identify(src) by extension 'ignore_ament_install'
[1.990s] Level 1:colcon.colcon_core.package_identification:_identify(src) by extensions ['colcon_pkg']
[1.990s] Level 1:colcon.colcon_core.package_identification:_identify(src) by extension 'colcon_pkg'
[1.990s] Level 1:colcon.colcon_core.package_identification:_identify(src) by extensions ['colcon_meta']
[1.991s] Level 1:colcon.colcon_core.package_identification:_identify(src) by extension 'colcon_meta'
[1.991s] Level 1:colcon.colcon_core.package_identification:_identify(src) by extensions ['ros']
[1.991s] Level 1:colcon.colcon_core.package_identification:_identify(src) by extension 'ros'
[1.991s] Level 1:colcon.colcon_core.package_identification:_identify(src) by extensions ['cmake', 'python']
[1.992s] Level 1:colcon.colcon_core.package_identification:_identify(src) by extension 'cmake'
[1.992s] Level 1:colcon.colcon_core.package_identification:_identify(src) by extension 'python'
[1.992s] Level 1:colcon.colcon_core.package_identification:_identify(src) by extensions ['python_setup_py']
[1.992s] Level 1:colcon.colcon_core.package_identification:_identify(src) by extension 'python_setup_py'
[1.993s] Level 1:colcon.colcon_core.package_identification:_identify(src/flask_ros) by extensions ['ignore', 'ignore_ament_install']
[1.993s] Level 1:colcon.colcon_core.package_identification:_identify(src/flask_ros) by extension 'ignore'
[1.993s] Level 1:colcon.colcon_core.package_identification:_identify(src/flask_ros) by extension 'ignore_ament_install'
[1.994s] Level 1:colcon.colcon_core.package_identification:_identify(src/flask_ros) by extensions ['colcon_pkg']
[1.994s] Level 1:colcon.colcon_core.package_identification:_identify(src/flask_ros) by extension 'colcon_pkg'
[1.994s] Level 1:colcon.colcon_core.package_identification:_identify(src/flask_ros) by extensions ['colcon_meta']
[1.994s] Level 1:colcon.colcon_core.package_identification:_identify(src/flask_ros) by extension 'colcon_meta'
[1.994s] Level 1:colcon.colcon_core.package_identification:_identify(src/flask_ros) by extensions ['ros']
[1.995s] Level 1:colcon.colcon_core.package_identification:_identify(src/flask_ros) by extension 'ros'
[2.008s] DEBUG:colcon.colcon_core.package_identification:Package 'src/flask_ros' with type 'ros.ament_python' and name 'flask_ros'
[2.008s] Level 1:colcon.colcon_core.package_discovery:discover_packages(recursive) using defaults
[2.008s] Level 1:colcon.colcon_core.package_discovery:discover_packages(ignore) discover
[2.008s] Level 1:colcon.colcon_core.package_discovery:discover_packages(ignore) using defaults
[2.008s] Level 1:colcon.colcon_core.package_discovery:discover_packages(path) discover
[2.009s] Level 1:colcon.colcon_core.package_discovery:discover_packages(path) using defaults
[2.086s] Level 1:colcon.colcon_core.package_discovery:discover_packages(prefix_path) check parameters
[2.086s] Level 1:colcon.colcon_core.package_discovery:discover_packages(prefix_path) discover
[2.095s] DEBUG:colcon.colcon_installed_package_information.package_discovery:Found 1 installed packages in /home/woni/worskspace/midterm/ros_ws/install
[2.097s] DEBUG:colcon.colcon_installed_package_information.package_discovery:Found 1 installed packages in /home/woni/worskspace/midterm/ros2_ws/install
[2.105s] DEBUG:colcon.colcon_installed_package_information.package_discovery:Found 301 installed packages in /opt/ros/foxy
[2.130s] Level 1:colcon.colcon_core.package_discovery:discover_packages(prefix_path) using defaults
[2.542s] Level 5:colcon.colcon_core.verb:set package 'flask_ros' build argument 'cmake_args' from command line to 'None'
[2.543s] Level 5:colcon.colcon_core.verb:set package 'flask_ros' build argument 'cmake_target' from command line to 'None'
[2.543s] Level 5:colcon.colcon_core.verb:set package 'flask_ros' build argument 'cmake_target_skip_unavailable' from command line to 'False'
[2.543s] Level 5:colcon.colcon_core.verb:set package 'flask_ros' build argument 'cmake_clean_cache' from command line to 'False'
[2.543s] Level 5:colcon.colcon_core.verb:set package 'flask_ros' build argument 'cmake_clean_first' from command line to 'False'
[2.543s] Level 5:colcon.colcon_core.verb:set package 'flask_ros' build argument 'cmake_force_configure' from command line to 'False'
[2.543s] Level 5:colcon.colcon_core.verb:set package 'flask_ros' build argument 'ament_cmake_args' from command line to 'None'
[2.544s] Level 5:colcon.colcon_core.verb:set package 'flask_ros' build argument 'catkin_cmake_args' from command line to 'None'
[2.544s] Level 5:colcon.colcon_core.verb:set package 'flask_ros' build argument 'catkin_skip_building_tests' from command line to 'False'
[2.544s] DEBUG:colcon.colcon_core.verb:Building package 'flask_ros' with the following arguments: {'ament_cmake_args': None, 'build_base': '/home/woni/worskspace/midterm/ros_ws/build/flask_ros', 'catkin_cmake_args': None, 'catkin_skip_building_tests': False, 'cmake_args': None, 'cmake_clean_cache': False, 'cmake_clean_first': False, 'cmake_force_configure': False, 'cmake_target': None, 'cmake_target_skip_unavailable': False, 'install_base': '/home/woni/worskspace/midterm/ros_ws/install/flask_ros', 'merge_install': False, 'path': '/home/woni/worskspace/midterm/ros_ws/src/flask_ros', 'symlink_install': False, 'test_result_base': None}
[2.545s] INFO:colcon.colcon_core.executor:Executing jobs using 'parallel' executor
[2.549s] DEBUG:colcon.colcon_parallel_executor.executor.parallel:run_until_complete
[2.550s] INFO:colcon.colcon_ros.task.ament_python.build:Building ROS package in '/home/woni/worskspace/midterm/ros_ws/src/flask_ros' with build type 'ament_python'
[2.551s] Level 1:colcon.colcon_core.shell:create_environment_hook('flask_ros', 'ament_prefix_path')
[2.563s] INFO:colcon.colcon_core.plugin_system:Skipping extension 'colcon_core.shell.bat': Not used on non-Windows systems
[2.564s] INFO:colcon.colcon_core.shell:Creating environment hook '/home/woni/worskspace/midterm/ros_ws/install/flask_ros/share/flask_ros/hook/ament_prefix_path.ps1'
[2.576s] INFO:colcon.colcon_core.shell:Creating environment descriptor '/home/woni/worskspace/midterm/ros_ws/install/flask_ros/share/flask_ros/hook/ament_prefix_path.dsv'
[2.582s] INFO:colcon.colcon_core.shell:Creating environment hook '/home/woni/worskspace/midterm/ros_ws/install/flask_ros/share/flask_ros/hook/ament_prefix_path.sh'
[2.592s] INFO:colcon.colcon_core.shell:Skip shell extension 'powershell' for command environment: Not usable outside of PowerShell
[2.592s] DEBUG:colcon.colcon_core.shell:Skip shell extension 'dsv' for command environment
[5.721s] INFO:colcon.colcon_core.task.python.build:Building Python package in '/home/woni/worskspace/midterm/ros_ws/src/flask_ros'
[5.724s] INFO:colcon.colcon_core.shell:Skip shell extension 'powershell' for command environment: Not usable outside of PowerShell
[5.724s] DEBUG:colcon.colcon_core.shell:Skip shell extension 'dsv' for command environment
[8.306s] DEBUG:colcon.colcon_core.event_handler.log_command:Invoking command in '/home/woni/worskspace/midterm/ros_ws/src/flask_ros': PYTHONPATH=/home/woni/worskspace/midterm/ros_ws/build/flask_ros/prefix_override:/home/woni/worskspace/midterm/ros_ws/install/flask_ros/lib/python3.8/site-packages:${PYTHONPATH} /usr/bin/python3 -W ignore:setup.py install is deprecated setup.py egg_info --egg-base ../../build/flask_ros build --build-base /home/woni/worskspace/midterm/ros_ws/build/flask_ros/build install --record /home/woni/worskspace/midterm/ros_ws/build/flask_ros/install.log --install-scripts $base/lib/flask_ros --single-version-externally-managed install_data
[10.342s] DEBUG:colcon.colcon_core.event_handler.log_command:Invoked command in '/home/woni/worskspace/midterm/ros_ws/src/flask_ros' returned '0': PYTHONPATH=/home/woni/worskspace/midterm/ros_ws/build/flask_ros/prefix_override:/home/woni/worskspace/midterm/ros_ws/install/flask_ros/lib/python3.8/site-packages:${PYTHONPATH} /usr/bin/python3 -W ignore:setup.py install is deprecated setup.py egg_info --egg-base ../../build/flask_ros build --build-base /home/woni/worskspace/midterm/ros_ws/build/flask_ros/build install --record /home/woni/worskspace/midterm/ros_ws/build/flask_ros/install.log --install-scripts $base/lib/flask_ros --single-version-externally-managed install_data
[10.355s] Level 1:colcon.colcon_core.environment:checking '/home/woni/worskspace/midterm/ros_ws/install/flask_ros' for CMake module files
[10.357s] Level 1:colcon.colcon_core.environment:checking '/home/woni/worskspace/midterm/ros_ws/install/flask_ros' for CMake config files
[10.361s] Level 1:colcon.colcon_core.environment:checking '/home/woni/worskspace/midterm/ros_ws/install/flask_ros/lib'
[10.362s] Level 1:colcon.colcon_core.environment:checking '/home/woni/worskspace/midterm/ros_ws/install/flask_ros/bin'
[10.362s] Level 1:colcon.colcon_core.environment:checking '/home/woni/worskspace/midterm/ros_ws/install/flask_ros/lib/pkgconfig/flask_ros.pc'
[10.363s] Level 1:colcon.colcon_core.environment:checking '/home/woni/worskspace/midterm/ros_ws/install/flask_ros/lib/python3.8/site-packages'
[10.364s] Level 1:colcon.colcon_core.shell:create_environment_hook('flask_ros', 'pythonpath')
[10.365s] INFO:colcon.colcon_core.shell:Creating environment hook '/home/woni/worskspace/midterm/ros_ws/install/flask_ros/share/flask_ros/hook/pythonpath.ps1'
[10.368s] INFO:colcon.colcon_core.shell:Creating environment descriptor '/home/woni/worskspace/midterm/ros_ws/install/flask_ros/share/flask_ros/hook/pythonpath.dsv'
[10.370s] INFO:colcon.colcon_core.shell:Creating environment hook '/home/woni/worskspace/midterm/ros_ws/install/flask_ros/share/flask_ros/hook/pythonpath.sh'
[10.372s] Level 1:colcon.colcon_core.environment:checking '/home/woni/worskspace/midterm/ros_ws/install/flask_ros/bin'
[10.373s] Level 1:colcon.colcon_core.environment:create_environment_scripts_only(flask_ros)
[10.374s] INFO:colcon.colcon_core.shell:Creating package script '/home/woni/worskspace/midterm/ros_ws/install/flask_ros/share/flask_ros/package.ps1'
[10.380s] INFO:colcon.colcon_core.shell:Creating package descriptor '/home/woni/worskspace/midterm/ros_ws/install/flask_ros/share/flask_ros/package.dsv'
[10.383s] INFO:colcon.colcon_core.shell:Creating package script '/home/woni/worskspace/midterm/ros_ws/install/flask_ros/share/flask_ros/package.sh'
[10.387s] INFO:colcon.colcon_core.shell:Creating package script '/home/woni/worskspace/midterm/ros_ws/install/flask_ros/share/flask_ros/package.bash'
[10.394s] INFO:colcon.colcon_core.shell:Creating package script '/home/woni/worskspace/midterm/ros_ws/install/flask_ros/share/flask_ros/package.zsh'
[10.398s] Level 1:colcon.colcon_core.environment:create_file_with_runtime_dependencies(/home/woni/worskspace/midterm/ros_ws/install/flask_ros/share/colcon-core/packages/flask_ros)
[10.402s] DEBUG:colcon.colcon_parallel_executor.executor.parallel:closing loop
[10.403s] DEBUG:colcon.colcon_parallel_executor.executor.parallel:loop closed
[10.404s] DEBUG:colcon.colcon_parallel_executor.executor.parallel:run_until_complete finished with '0'
[10.404s] DEBUG:colcon.colcon_core.event_reactor:joining thread
[10.473s] INFO:colcon.colcon_core.plugin_system:Skipping extension 'colcon_notification.desktop_notification.terminal_notifier': Not used on non-Darwin systems
[10.474s] INFO:colcon.colcon_core.plugin_system:Skipping extension 'colcon_notification.desktop_notification.win32': Not used on non-Windows systems
[10.479s] INFO:colcon.colcon_notification.desktop_notification:Sending desktop notification using 'notify2'
[10.615s] DEBUG:colcon.colcon_core.event_reactor:joined thread
[10.618s] INFO:colcon.colcon_core.shell:Creating prefix script '/home/woni/worskspace/midterm/ros_ws/install/local_setup.ps1'
[10.636s] INFO:colcon.colcon_core.shell:Creating prefix util module '/home/woni/worskspace/midterm/ros_ws/install/_local_setup_util_ps1.py'
[10.661s] INFO:colcon.colcon_core.shell:Creating prefix chain script '/home/woni/worskspace/midterm/ros_ws/install/setup.ps1'
[10.668s] INFO:colcon.colcon_core.shell:Creating prefix script '/home/woni/worskspace/midterm/ros_ws/install/local_setup.sh'
[10.672s] INFO:colcon.colcon_core.shell:Creating prefix util module '/home/woni/worskspace/midterm/ros_ws/install/_local_setup_util_sh.py'
[10.675s] INFO:colcon.colcon_core.shell:Creating prefix chain script '/home/woni/worskspace/midterm/ros_ws/install/setup.sh'
[10.680s] INFO:colcon.colcon_core.shell:Creating prefix script '/home/woni/worskspace/midterm/ros_ws/install/local_setup.bash'
[10.683s] INFO:colcon.colcon_core.shell:Creating prefix chain script '/home/woni/worskspace/midterm/ros_ws/install/setup.bash'
[10.688s] INFO:colcon.colcon_core.shell:Creating prefix script '/home/woni/worskspace/midterm/ros_ws/install/local_setup.zsh'
[10.691s] INFO:colcon.colcon_core.shell:Creating prefix chain script '/home/woni/worskspace/midterm/ros_ws/install/setup.zsh'
