[4.230s] Invoking command in '/home/woni/worskspace/midterm/ros_ws/src/flask_ros': PYTHONPATH=/home/woni/worskspace/midterm/ros_ws/build/flask_ros/prefix_override:/home/woni/worskspace/midterm/ros_ws/install/flask_ros/lib/python3.8/site-packages:${PYTHONPATH} /usr/bin/python3 -W ignore:setup.py install is deprecated setup.py egg_info --egg-base ../../build/flask_ros build --build-base /home/woni/worskspace/midterm/ros_ws/build/flask_ros/build install --record /home/woni/worskspace/midterm/ros_ws/build/flask_ros/install.log --install-scripts $base/lib/flask_ros --single-version-externally-managed install_data
[5.801s] running egg_info
[5.805s] writing ../../build/flask_ros/flask_ros.egg-info/PKG-INFO
[5.808s] writing dependency_links to ../../build/flask_ros/flask_ros.egg-info/dependency_links.txt
[5.824s] writing entry points to ../../build/flask_ros/flask_ros.egg-info/entry_points.txt
[5.829s] writing requirements to ../../build/flask_ros/flask_ros.egg-info/requires.txt
[5.832s] writing top-level names to ../../build/flask_ros/flask_ros.egg-info/top_level.txt
[6.099s] reading manifest file '../../build/flask_ros/flask_ros.egg-info/SOURCES.txt'
[6.107s] writing manifest file '../../build/flask_ros/flask_ros.egg-info/SOURCES.txt'
[6.109s] running build
[6.110s] running build_py
[6.112s] copying flask_ros/client.py -> /home/woni/worskspace/midterm/ros_ws/build/flask_ros/build/lib/flask_ros
[6.115s] running install
[6.134s] running install_lib
[6.146s] copying /home/woni/worskspace/midterm/ros_ws/build/flask_ros/build/lib/flask_ros/client.py -> /home/woni/worskspace/midterm/ros_ws/install/flask_ros/lib/python3.8/site-packages/flask_ros
[6.151s] byte-compiling /home/woni/worskspace/midterm/ros_ws/install/flask_ros/lib/python3.8/site-packages/flask_ros/client.py to client.cpython-38.pyc
[6.161s] running install_data
[6.163s] running install_egg_info
[6.172s] removing '/home/woni/worskspace/midterm/ros_ws/install/flask_ros/lib/python3.8/site-packages/flask_ros-0.0.0-py3.8.egg-info' (and everything under it)
[6.176s] Copying ../../build/flask_ros/flask_ros.egg-info to /home/woni/worskspace/midterm/ros_ws/install/flask_ros/lib/python3.8/site-packages/flask_ros-0.0.0-py3.8.egg-info
[6.182s] running install_scripts
[6.287s] Installing client script to /home/woni/worskspace/midterm/ros_ws/install/flask_ros/lib/flask_ros
[6.290s] Installing server script to /home/woni/worskspace/midterm/ros_ws/install/flask_ros/lib/flask_ros
[6.295s] writing list of installed files to '/home/woni/worskspace/midterm/ros_ws/build/flask_ros/install.log'
[6.362s] Invoked command in '/home/woni/worskspace/midterm/ros_ws/src/flask_ros' returned '0': PYTHONPATH=/home/woni/worskspace/midterm/ros_ws/build/flask_ros/prefix_override:/home/woni/worskspace/midterm/ros_ws/install/flask_ros/lib/python3.8/site-packages:${PYTHONPATH} /usr/bin/python3 -W ignore:setup.py install is deprecated setup.py egg_info --egg-base ../../build/flask_ros build --build-base /home/woni/worskspace/midterm/ros_ws/build/flask_ros/build install --record /home/woni/worskspace/midterm/ros_ws/build/flask_ros/install.log --install-scripts $base/lib/flask_ros --single-version-externally-managed install_data
