[1.591s] DEBUG:colcon:Command line arguments: ['/usr/bin/colcon', 'build']
[1.592s] DEBUG:colcon:Parsed command line arguments: Namespace(allow_overriding=[], ament_cmake_args=None, base_paths=['.'], build_base='build', catkin_cmake_args=None, catkin_skip_building_tests=False, cmake_args=None, cmake_clean_cache=False, cmake_clean_first=False, cmake_force_configure=False, cmake_target=None, cmake_target_skip_unavailable=False, continue_on_error=False, event_handlers=None, executor='parallel', ignore_user_meta=False, install_base='install', log_base=None, log_level=None, main=<bound method BuildVerb.main of <colcon_core.verb.build.BuildVerb object at 0x7fe228d7f9d0>>, merge_install=False, metas=['./colcon.meta'], packages_above=None, packages_above_and_dependencies=None, packages_above_depth=None, packages_end=None, packages_ignore=None, packages_ignore_regex=None, packages_select=None, packages_select_build_failed=False, packages_select_by_dep=None, packages_select_regex=None, packages_select_test_failures=False, packages_skip=None, packages_skip_build_finished=False, packages_skip_by_dep=None, packages_skip_regex=None, packages_skip_test_passed=False, packages_skip_up_to=None, packages_start=None, packages_up_to=None, packages_up_to_regex=None, parallel_workers=1, paths=None, symlink_install=False, test_result_base=None, verb_extension=<colcon_core.verb.build.BuildVerb object at 0x7fe228d7f9d0>, verb_name='build', verb_parser=<colcon_defaults.argument_parser.defaults.DefaultArgumentsDecorator object at 0x7fe228d05520>)
[2.664s] Level 1:colcon.colcon_core.package_discovery:discover_packages(colcon_meta) check parameters
[2.665s] Level 1:colcon.colcon_core.package_discovery:discover_packages(recursive) check parameters
[2.665s] Level 1:colcon.colcon_core.package_discovery:discover_packages(ignore) check parameters
[2.665s] Level 1:colcon.colcon_core.package_discovery:discover_packages(path) check parameters
[2.665s] Level 1:colcon.colcon_core.package_discovery:discover_packages(colcon_meta) discover
[2.665s] Level 1:colcon.colcon_core.package_discovery:discover_packages(recursive) discover
[2.666s] INFO:colcon.colcon_core.package_discovery:Crawling recursively for packages in '/home/woni/worskspace/midterm/ros_ws'
[2.666s] Level 1:colcon.colcon_core.package_identification:_identify(.) by extensions ['ignore', 'ignore_ament_install']
[2.667s] Level 1:colcon.colcon_core.package_identification:_identify(.) by extension 'ignore'
[2.668s] Level 1:colcon.colcon_core.package_identification:_identify(.) by extension 'ignore_ament_install'
[2.668s] Level 1:colcon.colcon_core.package_identification:_identify(.) by extensions ['colcon_pkg']
[2.668s] Level 1:colcon.colcon_core.package_identification:_identify(.) by extension 'colcon_pkg'
[2.668s] Level 1:colcon.colcon_core.package_identification:_identify(.) by extensions ['colcon_meta']
[2.669s] Level 1:colcon.colcon_core.package_identification:_identify(.) by extension 'colcon_meta'
[2.669s] Level 1:colcon.colcon_core.package_identification:_identify(.) by extensions ['ros']
[2.669s] Level 1:colcon.colcon_core.package_identification:_identify(.) by extension 'ros'
[2.743s] Level 1:colcon.colcon_core.package_identification:_identify(.) by extensions ['cmake', 'python']
[2.744s] Level 1:colcon.colcon_core.package_identification:_identify(.) by extension 'cmake'
[2.744s] Level 1:colcon.colcon_core.package_identification:_identify(.) by extension 'python'
[2.744s] Level 1:colcon.colcon_core.package_identification:_identify(.) by extensions ['python_setup_py']
[2.745s] Level 1:colcon.colcon_core.package_identification:_identify(.) by extension 'python_setup_py'
[2.746s] Level 1:colcon.colcon_core.package_identification:_identify(build) by extensions ['ignore', 'ignore_ament_install']
[2.746s] Level 1:colcon.colcon_core.package_identification:_identify(build) by extension 'ignore'
[2.747s] Level 1:colcon.colcon_core.package_identification:_identify(build) ignored
[2.747s] Level 1:colcon.colcon_core.package_identification:_identify(install) by extensions ['ignore', 'ignore_ament_install']
[2.748s] Level 1:colcon.colcon_core.package_identification:_identify(install) by extension 'ignore'
[2.748s] Level 1:colcon.colcon_core.package_identification:_identify(install) ignored
[2.749s] Level 1:colcon.colcon_core.package_identification:_identify(log) by extensions ['ignore', 'ignore_ament_install']
[2.749s] Level 1:colcon.colcon_core.package_identification:_identify(log) by extension 'ignore'
[2.750s] Level 1:colcon.colcon_core.package_identification:_identify(log) ignored
[2.750s] Level 1:colcon.colcon_core.package_identification:_identify(src) by extensions ['ignore', 'ignore_ament_install']
[2.750s] Level 1:colcon.colcon_core.package_identification:_identify(src) by extension 'ignore'
[2.751s] Level 1:colcon.colcon_core.package_identification:_identify(src) by extension 'ignore_ament_install'
[2.751s] Level 1:colcon.colcon_core.package_identification:_identify(src) by extensions ['colcon_pkg']
[2.751s] Level 1:colcon.colcon_core.package_identification:_identify(src) by extension 'colcon_pkg'
[2.751s] Level 1:colcon.colcon_core.package_identification:_identify(src) by extensions ['colcon_meta']
[2.752s] Level 1:colcon.colcon_core.package_identification:_identify(src) by extension 'colcon_meta'
[2.752s] Level 1:colcon.colcon_core.package_identification:_identify(src) by extensions ['ros']
[2.752s] Level 1:colcon.colcon_core.package_identification:_identify(src) by extension 'ros'
[2.753s] Level 1:colcon.colcon_core.package_identification:_identify(src) by extensions ['cmake', 'python']
[2.753s] Level 1:colcon.colcon_core.package_identification:_identify(src) by extension 'cmake'
[2.753s] Level 1:colcon.colcon_core.package_identification:_identify(src) by extension 'python'
[2.753s] Level 1:colcon.colcon_core.package_identification:_identify(src) by extensions ['python_setup_py']
[2.753s] Level 1:colcon.colcon_core.package_identification:_identify(src) by extension 'python_setup_py'
[2.754s] Level 1:colcon.colcon_core.package_identification:_identify(src/flask_ros) by extensions ['ignore', 'ignore_ament_install']
[2.754s] Level 1:colcon.colcon_core.package_identification:_identify(src/flask_ros) by extension 'ignore'
[2.755s] Level 1:colcon.colcon_core.package_identification:_identify(src/flask_ros) by extension 'ignore_ament_install'
[2.755s] Level 1:colcon.colcon_core.package_identification:_identify(src/flask_ros) by extensions ['colcon_pkg']
[2.755s] Level 1:colcon.colcon_core.package_identification:_identify(src/flask_ros) by extension 'colcon_pkg'
[2.755s] Level 1:colcon.colcon_core.package_identification:_identify(src/flask_ros) by extensions ['colcon_meta']
[2.756s] Level 1:colcon.colcon_core.package_identification:_identify(src/flask_ros) by extension 'colcon_meta'
[2.756s] Level 1:colcon.colcon_core.package_identification:_identify(src/flask_ros) by extensions ['ros']
[2.756s] Level 1:colcon.colcon_core.package_identification:_identify(src/flask_ros) by extension 'ros'
[2.777s] DEBUG:colcon.colcon_core.package_identification:Package 'src/flask_ros' with type 'ros.ament_python' and name 'flask_ros'
[2.777s] Level 1:colcon.colcon_core.package_discovery:discover_packages(recursive) using defaults
[2.778s] Level 1:colcon.colcon_core.package_discovery:discover_packages(ignore) discover
[2.778s] Level 1:colcon.colcon_core.package_discovery:discover_packages(ignore) using defaults
[2.778s] Level 1:colcon.colcon_core.package_discovery:discover_packages(path) discover
[2.778s] Level 1:colcon.colcon_core.package_discovery:discover_packages(path) using defaults
[2.868s] Level 1:colcon.colcon_core.package_discovery:discover_packages(prefix_path) check parameters
[2.868s] Level 1:colcon.colcon_core.package_discovery:discover_packages(prefix_path) discover
[2.879s] DEBUG:colcon.colcon_installed_package_information.package_discovery:Found 1 installed packages in /home/woni/worskspace/midterm/ros2_ws/install
[2.887s] DEBUG:colcon.colcon_installed_package_information.package_discovery:Found 301 installed packages in /opt/ros/foxy
[2.898s] Level 1:colcon.colcon_core.package_discovery:discover_packages(prefix_path) using defaults
[3.432s] Level 5:colcon.colcon_core.verb:set package 'flask_ros' build argument 'cmake_args' from command line to 'None'
[3.432s] Level 5:colcon.colcon_core.verb:set package 'flask_ros' build argument 'cmake_target' from command line to 'None'
[3.433s] Level 5:colcon.colcon_core.verb:set package 'flask_ros' build argument 'cmake_target_skip_unavailable' from command line to 'False'
[3.433s] Level 5:colcon.colcon_core.verb:set package 'flask_ros' build argument 'cmake_clean_cache' from command line to 'False'
[3.433s] Level 5:colcon.colcon_core.verb:set package 'flask_ros' build argument 'cmake_clean_first' from command line to 'False'
[3.433s] Level 5:colcon.colcon_core.verb:set package 'flask_ros' build argument 'cmake_force_configure' from command line to 'False'
[3.433s] Level 5:colcon.colcon_core.verb:set package 'flask_ros' build argument 'ament_cmake_args' from command line to 'None'
[3.433s] Level 5:colcon.colcon_core.verb:set package 'flask_ros' build argument 'catkin_cmake_args' from command line to 'None'
[3.434s] Level 5:colcon.colcon_core.verb:set package 'flask_ros' build argument 'catkin_skip_building_tests' from command line to 'False'
[3.434s] DEBUG:colcon.colcon_core.verb:Building package 'flask_ros' with the following arguments: {'ament_cmake_args': None, 'build_base': '/home/woni/worskspace/midterm/ros_ws/build/flask_ros', 'catkin_cmake_args': None, 'catkin_skip_building_tests': False, 'cmake_args': None, 'cmake_clean_cache': False, 'cmake_clean_first': False, 'cmake_force_configure': False, 'cmake_target': None, 'cmake_target_skip_unavailable': False, 'install_base': '/home/woni/worskspace/midterm/ros_ws/install/flask_ros', 'merge_install': False, 'path': '/home/woni/worskspace/midterm/ros_ws/src/flask_ros', 'symlink_install': False, 'test_result_base': None}
[3.435s] INFO:colcon.colcon_core.executor:Executing jobs using 'parallel' executor
[3.441s] DEBUG:colcon.colcon_parallel_executor.executor.parallel:run_until_complete
[3.443s] INFO:colcon.colcon_ros.task.ament_python.build:Building ROS package in '/home/woni/worskspace/midterm/ros_ws/src/flask_ros' with build type 'ament_python'
[3.444s] Level 1:colcon.colcon_core.shell:create_environment_hook('flask_ros', 'ament_prefix_path')
[3.494s] INFO:colcon.colcon_core.plugin_system:Skipping extension 'colcon_core.shell.bat': Not used on non-Windows systems
[3.495s] INFO:colcon.colcon_core.shell:Creating environment hook '/home/woni/worskspace/midterm/ros_ws/install/flask_ros/share/flask_ros/hook/ament_prefix_path.ps1'
[3.526s] INFO:colcon.colcon_core.shell:Creating environment descriptor '/home/woni/worskspace/midterm/ros_ws/install/flask_ros/share/flask_ros/hook/ament_prefix_path.dsv'
[3.531s] INFO:colcon.colcon_core.shell:Creating environment hook '/home/woni/worskspace/midterm/ros_ws/install/flask_ros/share/flask_ros/hook/ament_prefix_path.sh'
[3.539s] INFO:colcon.colcon_core.shell:Skip shell extension 'powershell' for command environment: Not usable outside of PowerShell
[3.544s] DEBUG:colcon.colcon_core.shell:Skip shell extension 'dsv' for command environment
[6.807s] INFO:colcon.colcon_core.task.python.build:Building Python package in '/home/woni/worskspace/midterm/ros_ws/src/flask_ros'
[6.810s] INFO:colcon.colcon_core.shell:Skip shell extension 'powershell' for command environment: Not usable outside of PowerShell
[6.810s] DEBUG:colcon.colcon_core.shell:Skip shell extension 'dsv' for command environment
[11.620s] DEBUG:colcon.colcon_core.event_handler.log_command:Invoking command in '/home/woni/worskspace/midterm/ros_ws/src/flask_ros': CONDA_PROMPT_MODIFIER=(base) PYTHONPATH=/home/woni/worskspace/midterm/ros_ws/build/flask_ros/prefix_override:/home/woni/worskspace/midterm/ros_ws/install/flask_ros/lib/python3.8/site-packages:${PYTHONPATH} /usr/bin/python3 -W ignore:setup.py install is deprecated setup.py egg_info --egg-base ../../build/flask_ros build --build-base /home/woni/worskspace/midterm/ros_ws/build/flask_ros/build install --record /home/woni/worskspace/midterm/ros_ws/build/flask_ros/install.log --install-scripts $base/lib/flask_ros --single-version-externally-managed install_data
[13.614s] DEBUG:colcon.colcon_core.event_handler.log_command:Invoked command in '/home/woni/worskspace/midterm/ros_ws/src/flask_ros' returned '0': CONDA_PROMPT_MODIFIER=(base) PYTHONPATH=/home/woni/worskspace/midterm/ros_ws/build/flask_ros/prefix_override:/home/woni/worskspace/midterm/ros_ws/install/flask_ros/lib/python3.8/site-packages:${PYTHONPATH} /usr/bin/python3 -W ignore:setup.py install is deprecated setup.py egg_info --egg-base ../../build/flask_ros build --build-base /home/woni/worskspace/midterm/ros_ws/build/flask_ros/build install --record /home/woni/worskspace/midterm/ros_ws/build/flask_ros/install.log --install-scripts $base/lib/flask_ros --single-version-externally-managed install_data
[13.648s] Level 1:colcon.colcon_core.environment:checking '/home/woni/worskspace/midterm/ros_ws/install/flask_ros' for CMake module files
[13.652s] Level 1:colcon.colcon_core.environment:checking '/home/woni/worskspace/midterm/ros_ws/install/flask_ros' for CMake config files
[13.657s] Level 1:colcon.colcon_core.environment:checking '/home/woni/worskspace/midterm/ros_ws/install/flask_ros/lib'
[13.658s] Level 1:colcon.colcon_core.environment:checking '/home/woni/worskspace/midterm/ros_ws/install/flask_ros/bin'
[13.659s] Level 1:colcon.colcon_core.environment:checking '/home/woni/worskspace/midterm/ros_ws/install/flask_ros/lib/pkgconfig/flask_ros.pc'
[13.660s] Level 1:colcon.colcon_core.environment:checking '/home/woni/worskspace/midterm/ros_ws/install/flask_ros/lib/python3.8/site-packages'
[13.660s] Level 1:colcon.colcon_core.shell:create_environment_hook('flask_ros', 'pythonpath')
[13.662s] INFO:colcon.colcon_core.shell:Creating environment hook '/home/woni/worskspace/midterm/ros_ws/install/flask_ros/share/flask_ros/hook/pythonpath.ps1'
[13.665s] INFO:colcon.colcon_core.shell:Creating environment descriptor '/home/woni/worskspace/midterm/ros_ws/install/flask_ros/share/flask_ros/hook/pythonpath.dsv'
[13.666s] INFO:colcon.colcon_core.shell:Creating environment hook '/home/woni/worskspace/midterm/ros_ws/install/flask_ros/share/flask_ros/hook/pythonpath.sh'
[13.669s] Level 1:colcon.colcon_core.environment:checking '/home/woni/worskspace/midterm/ros_ws/install/flask_ros/bin'
[13.669s] Level 1:colcon.colcon_core.environment:create_environment_scripts_only(flask_ros)
[13.671s] INFO:colcon.colcon_core.shell:Creating package script '/home/woni/worskspace/midterm/ros_ws/install/flask_ros/share/flask_ros/package.ps1'
[13.676s] INFO:colcon.colcon_core.shell:Creating package descriptor '/home/woni/worskspace/midterm/ros_ws/install/flask_ros/share/flask_ros/package.dsv'
[13.680s] INFO:colcon.colcon_core.shell:Creating package script '/home/woni/worskspace/midterm/ros_ws/install/flask_ros/share/flask_ros/package.sh'
[13.684s] INFO:colcon.colcon_core.shell:Creating package script '/home/woni/worskspace/midterm/ros_ws/install/flask_ros/share/flask_ros/package.bash'
[13.689s] INFO:colcon.colcon_core.shell:Creating package script '/home/woni/worskspace/midterm/ros_ws/install/flask_ros/share/flask_ros/package.zsh'
[13.695s] Level 1:colcon.colcon_core.environment:create_file_with_runtime_dependencies(/home/woni/worskspace/midterm/ros_ws/install/flask_ros/share/colcon-core/packages/flask_ros)
[13.700s] DEBUG:colcon.colcon_parallel_executor.executor.parallel:closing loop
[13.713s] DEBUG:colcon.colcon_parallel_executor.executor.parallel:loop closed
[13.713s] DEBUG:colcon.colcon_parallel_executor.executor.parallel:run_until_complete finished with '0'
[13.713s] DEBUG:colcon.colcon_core.event_reactor:joining thread
[13.802s] INFO:colcon.colcon_core.plugin_system:Skipping extension 'colcon_notification.desktop_notification.terminal_notifier': Not used on non-Darwin systems
[13.803s] INFO:colcon.colcon_core.plugin_system:Skipping extension 'colcon_notification.desktop_notification.win32': Not used on non-Windows systems
[13.803s] INFO:colcon.colcon_notification.desktop_notification:Sending desktop notification using 'notify2'
[13.974s] DEBUG:colcon.colcon_core.event_reactor:joined thread
[13.976s] INFO:colcon.colcon_core.shell:Creating prefix script '/home/woni/worskspace/midterm/ros_ws/install/local_setup.ps1'
[13.998s] INFO:colcon.colcon_core.shell:Creating prefix util module '/home/woni/worskspace/midterm/ros_ws/install/_local_setup_util_ps1.py'
[14.008s] INFO:colcon.colcon_core.shell:Creating prefix chain script '/home/woni/worskspace/midterm/ros_ws/install/setup.ps1'
[14.015s] INFO:colcon.colcon_core.shell:Creating prefix script '/home/woni/worskspace/midterm/ros_ws/install/local_setup.sh'
[14.019s] INFO:colcon.colcon_core.shell:Creating prefix util module '/home/woni/worskspace/midterm/ros_ws/install/_local_setup_util_sh.py'
[14.022s] INFO:colcon.colcon_core.shell:Creating prefix chain script '/home/woni/worskspace/midterm/ros_ws/install/setup.sh'
[14.029s] INFO:colcon.colcon_core.shell:Creating prefix script '/home/woni/worskspace/midterm/ros_ws/install/local_setup.bash'
[14.032s] INFO:colcon.colcon_core.shell:Creating prefix chain script '/home/woni/worskspace/midterm/ros_ws/install/setup.bash'
[14.037s] INFO:colcon.colcon_core.shell:Creating prefix script '/home/woni/worskspace/midterm/ros_ws/install/local_setup.zsh'
[14.040s] INFO:colcon.colcon_core.shell:Creating prefix chain script '/home/woni/worskspace/midterm/ros_ws/install/setup.zsh'
