[1.080s] DEBUG:colcon:Command line arguments: ['/usr/bin/colcon', 'build']
[1.082s] DEBUG:colcon:Parsed command line arguments: Namespace(allow_overriding=[], ament_cmake_args=None, base_paths=['.'], build_base='build', catkin_cmake_args=None, catkin_skip_building_tests=False, cmake_args=None, cmake_clean_cache=False, cmake_clean_first=False, cmake_force_configure=False, cmake_target=None, cmake_target_skip_unavailable=False, continue_on_error=False, event_handlers=None, executor='parallel', ignore_user_meta=False, install_base='install', log_base=None, log_level=None, main=<bound method BuildVerb.main of <colcon_core.verb.build.BuildVerb object at 0x7fde5707b070>>, merge_install=False, metas=['./colcon.meta'], packages_above=None, packages_above_and_dependencies=None, packages_above_depth=None, packages_end=None, packages_ignore=None, packages_ignore_regex=None, packages_select=None, packages_select_build_failed=False, packages_select_by_dep=None, packages_select_regex=None, packages_select_test_failures=False, packages_skip=None, packages_skip_build_finished=False, packages_skip_by_dep=None, packages_skip_regex=None, packages_skip_test_passed=False, packages_skip_up_to=None, packages_start=None, packages_up_to=None, packages_up_to_regex=None, parallel_workers=1, paths=None, symlink_install=False, test_result_base=None, verb_extension=<colcon_core.verb.build.BuildVerb object at 0x7fde5707b070>, verb_name='build', verb_parser=<colcon_defaults.argument_parser.defaults.DefaultArgumentsDecorator object at 0x7fde56f73dc0>)
[1.867s] Level 1:colcon.colcon_core.package_discovery:discover_packages(colcon_meta) check parameters
[1.868s] Level 1:colcon.colcon_core.package_discovery:discover_packages(recursive) check parameters
[1.868s] Level 1:colcon.colcon_core.package_discovery:discover_packages(ignore) check parameters
[1.868s] Level 1:colcon.colcon_core.package_discovery:discover_packages(path) check parameters
[1.868s] Level 1:colcon.colcon_core.package_discovery:discover_packages(colcon_meta) discover
[1.869s] Level 1:colcon.colcon_core.package_discovery:discover_packages(recursive) discover
[1.869s] INFO:colcon.colcon_core.package_discovery:Crawling recursively for packages in '/home/woni/worskspace/midterm/ros_ws'
[1.870s] Level 1:colcon.colcon_core.package_identification:_identify(.) by extensions ['ignore', 'ignore_ament_install']
[1.871s] Level 1:colcon.colcon_core.package_identification:_identify(.) by extension 'ignore'
[1.872s] Level 1:colcon.colcon_core.package_identification:_identify(.) by extension 'ignore_ament_install'
[1.872s] Level 1:colcon.colcon_core.package_identification:_identify(.) by extensions ['colcon_pkg']
[1.872s] Level 1:colcon.colcon_core.package_identification:_identify(.) by extension 'colcon_pkg'
[1.872s] Level 1:colcon.colcon_core.package_identification:_identify(.) by extensions ['colcon_meta']
[1.873s] Level 1:colcon.colcon_core.package_identification:_identify(.) by extension 'colcon_meta'
[1.873s] Level 1:colcon.colcon_core.package_identification:_identify(.) by extensions ['ros']
[1.873s] Level 1:colcon.colcon_core.package_identification:_identify(.) by extension 'ros'
[1.930s] Level 1:colcon.colcon_core.package_identification:_identify(.) by extensions ['cmake', 'python']
[1.931s] Level 1:colcon.colcon_core.package_identification:_identify(.) by extension 'cmake'
[1.931s] Level 1:colcon.colcon_core.package_identification:_identify(.) by extension 'python'
[1.931s] Level 1:colcon.colcon_core.package_identification:_identify(.) by extensions ['python_setup_py']
[1.931s] Level 1:colcon.colcon_core.package_identification:_identify(.) by extension 'python_setup_py'
[1.932s] Level 1:colcon.colcon_core.package_identification:_identify(build) by extensions ['ignore', 'ignore_ament_install']
[1.933s] Level 1:colcon.colcon_core.package_identification:_identify(build) by extension 'ignore'
[1.933s] Level 1:colcon.colcon_core.package_identification:_identify(build) ignored
[1.934s] Level 1:colcon.colcon_core.package_identification:_identify(install) by extensions ['ignore', 'ignore_ament_install']
[1.934s] Level 1:colcon.colcon_core.package_identification:_identify(install) by extension 'ignore'
[1.934s] Level 1:colcon.colcon_core.package_identification:_identify(install) ignored
[1.935s] Level 1:colcon.colcon_core.package_identification:_identify(log) by extensions ['ignore', 'ignore_ament_install']
[1.935s] Level 1:colcon.colcon_core.package_identification:_identify(log) by extension 'ignore'
[1.936s] Level 1:colcon.colcon_core.package_identification:_identify(log) ignored
[1.936s] Level 1:colcon.colcon_core.package_identification:_identify(src) by extensions ['ignore', 'ignore_ament_install']
[1.937s] Level 1:colcon.colcon_core.package_identification:_identify(src) by extension 'ignore'
[1.937s] Level 1:colcon.colcon_core.package_identification:_identify(src) by extension 'ignore_ament_install'
[1.937s] Level 1:colcon.colcon_core.package_identification:_identify(src) by extensions ['colcon_pkg']
[1.938s] Level 1:colcon.colcon_core.package_identification:_identify(src) by extension 'colcon_pkg'
[1.938s] Level 1:colcon.colcon_core.package_identification:_identify(src) by extensions ['colcon_meta']
[1.938s] Level 1:colcon.colcon_core.package_identification:_identify(src) by extension 'colcon_meta'
[1.938s] Level 1:colcon.colcon_core.package_identification:_identify(src) by extensions ['ros']
[1.938s] Level 1:colcon.colcon_core.package_identification:_identify(src) by extension 'ros'
[1.939s] Level 1:colcon.colcon_core.package_identification:_identify(src) by extensions ['cmake', 'python']
[1.939s] Level 1:colcon.colcon_core.package_identification:_identify(src) by extension 'cmake'
[1.939s] Level 1:colcon.colcon_core.package_identification:_identify(src) by extension 'python'
[1.939s] Level 1:colcon.colcon_core.package_identification:_identify(src) by extensions ['python_setup_py']
[1.940s] Level 1:colcon.colcon_core.package_identification:_identify(src) by extension 'python_setup_py'
[1.940s] Level 1:colcon.colcon_core.package_identification:_identify(src/flask_ros) by extensions ['ignore', 'ignore_ament_install']
[1.941s] Level 1:colcon.colcon_core.package_identification:_identify(src/flask_ros) by extension 'ignore'
[1.941s] Level 1:colcon.colcon_core.package_identification:_identify(src/flask_ros) by extension 'ignore_ament_install'
[1.941s] Level 1:colcon.colcon_core.package_identification:_identify(src/flask_ros) by extensions ['colcon_pkg']
[1.941s] Level 1:colcon.colcon_core.package_identification:_identify(src/flask_ros) by extension 'colcon_pkg'
[1.941s] Level 1:colcon.colcon_core.package_identification:_identify(src/flask_ros) by extensions ['colcon_meta']
[1.942s] Level 1:colcon.colcon_core.package_identification:_identify(src/flask_ros) by extension 'colcon_meta'
[1.942s] Level 1:colcon.colcon_core.package_identification:_identify(src/flask_ros) by extensions ['ros']
[1.942s] Level 1:colcon.colcon_core.package_identification:_identify(src/flask_ros) by extension 'ros'
[1.961s] DEBUG:colcon.colcon_core.package_identification:Package 'src/flask_ros' with type 'ros.ament_python' and name 'flask_ros'
[1.961s] Level 1:colcon.colcon_core.package_discovery:discover_packages(recursive) using defaults
[1.961s] Level 1:colcon.colcon_core.package_discovery:discover_packages(ignore) discover
[1.962s] Level 1:colcon.colcon_core.package_discovery:discover_packages(ignore) using defaults
[1.962s] Level 1:colcon.colcon_core.package_discovery:discover_packages(path) discover
[1.962s] Level 1:colcon.colcon_core.package_discovery:discover_packages(path) using defaults
[2.063s] Level 1:colcon.colcon_core.package_discovery:discover_packages(prefix_path) check parameters
[2.063s] Level 1:colcon.colcon_core.package_discovery:discover_packages(prefix_path) discover
[2.069s] Level 1:colcon.colcon_core.package_discovery:discover_packages(prefix_path) using defaults
[2.075s] Level 5:colcon.colcon_core.verb:set package 'flask_ros' build argument 'cmake_args' from command line to 'None'
[2.076s] Level 5:colcon.colcon_core.verb:set package 'flask_ros' build argument 'cmake_target' from command line to 'None'
[2.076s] Level 5:colcon.colcon_core.verb:set package 'flask_ros' build argument 'cmake_target_skip_unavailable' from command line to 'False'
[2.076s] Level 5:colcon.colcon_core.verb:set package 'flask_ros' build argument 'cmake_clean_cache' from command line to 'False'
[2.076s] Level 5:colcon.colcon_core.verb:set package 'flask_ros' build argument 'cmake_clean_first' from command line to 'False'
[2.077s] Level 5:colcon.colcon_core.verb:set package 'flask_ros' build argument 'cmake_force_configure' from command line to 'False'
[2.077s] Level 5:colcon.colcon_core.verb:set package 'flask_ros' build argument 'ament_cmake_args' from command line to 'None'
[2.077s] Level 5:colcon.colcon_core.verb:set package 'flask_ros' build argument 'catkin_cmake_args' from command line to 'None'
[2.077s] Level 5:colcon.colcon_core.verb:set package 'flask_ros' build argument 'catkin_skip_building_tests' from command line to 'False'
[2.077s] DEBUG:colcon.colcon_core.verb:Building package 'flask_ros' with the following arguments: {'ament_cmake_args': None, 'build_base': '/home/woni/worskspace/midterm/ros_ws/build/flask_ros', 'catkin_cmake_args': None, 'catkin_skip_building_tests': False, 'cmake_args': None, 'cmake_clean_cache': False, 'cmake_clean_first': False, 'cmake_force_configure': False, 'cmake_target': None, 'cmake_target_skip_unavailable': False, 'install_base': '/home/woni/worskspace/midterm/ros_ws/install/flask_ros', 'merge_install': False, 'path': '/home/woni/worskspace/midterm/ros_ws/src/flask_ros', 'symlink_install': False, 'test_result_base': None}
[2.078s] INFO:colcon.colcon_core.executor:Executing jobs using 'parallel' executor
[2.085s] DEBUG:colcon.colcon_parallel_executor.executor.parallel:run_until_complete
[2.087s] INFO:colcon.colcon_ros.task.ament_python.build:Building ROS package in '/home/woni/worskspace/midterm/ros_ws/src/flask_ros' with build type 'ament_python'
[2.087s] Level 1:colcon.colcon_core.shell:create_environment_hook('flask_ros', 'ament_prefix_path')
[2.108s] INFO:colcon.colcon_core.plugin_system:Skipping extension 'colcon_core.shell.bat': Not used on non-Windows systems
[2.109s] INFO:colcon.colcon_core.shell:Creating environment hook '/home/woni/worskspace/midterm/ros_ws/install/flask_ros/share/flask_ros/hook/ament_prefix_path.ps1'
[2.115s] INFO:colcon.colcon_core.shell:Creating environment descriptor '/home/woni/worskspace/midterm/ros_ws/install/flask_ros/share/flask_ros/hook/ament_prefix_path.dsv'
[2.118s] INFO:colcon.colcon_core.shell:Creating environment hook '/home/woni/worskspace/midterm/ros_ws/install/flask_ros/share/flask_ros/hook/ament_prefix_path.sh'
[2.129s] INFO:colcon.colcon_core.shell:Skip shell extension 'powershell' for command environment: Not usable outside of PowerShell
[2.129s] DEBUG:colcon.colcon_core.shell:Skip shell extension 'dsv' for command environment
[3.434s] INFO:colcon.colcon_core.task.python.build:Building Python package in '/home/woni/worskspace/midterm/ros_ws/src/flask_ros'
[3.437s] INFO:colcon.colcon_core.shell:Skip shell extension 'powershell' for command environment: Not usable outside of PowerShell
[3.437s] DEBUG:colcon.colcon_core.shell:Skip shell extension 'dsv' for command environment
[5.801s] DEBUG:colcon.colcon_core.event_handler.log_command:Invoking command in '/home/woni/worskspace/midterm/ros_ws/src/flask_ros': CONDA_PROMPT_MODIFIER=(base) PYTHONPATH=/home/woni/worskspace/midterm/ros_ws/build/flask_ros/prefix_override:/home/woni/worskspace/midterm/ros_ws/install/flask_ros/lib/python3.8/site-packages: /usr/bin/python3 -W ignore:setup.py install is deprecated setup.py egg_info --egg-base ../../build/flask_ros build --build-base /home/woni/worskspace/midterm/ros_ws/build/flask_ros/build install --record /home/woni/worskspace/midterm/ros_ws/build/flask_ros/install.log --install-scripts $base/lib/flask_ros --single-version-externally-managed install_data
[7.525s] DEBUG:colcon.colcon_core.event_handler.log_command:Invoked command in '/home/woni/worskspace/midterm/ros_ws/src/flask_ros' returned '0': CONDA_PROMPT_MODIFIER=(base) PYTHONPATH=/home/woni/worskspace/midterm/ros_ws/build/flask_ros/prefix_override:/home/woni/worskspace/midterm/ros_ws/install/flask_ros/lib/python3.8/site-packages: /usr/bin/python3 -W ignore:setup.py install is deprecated setup.py egg_info --egg-base ../../build/flask_ros build --build-base /home/woni/worskspace/midterm/ros_ws/build/flask_ros/build install --record /home/woni/worskspace/midterm/ros_ws/build/flask_ros/install.log --install-scripts $base/lib/flask_ros --single-version-externally-managed install_data
[7.559s] Level 1:colcon.colcon_core.environment:checking '/home/woni/worskspace/midterm/ros_ws/install/flask_ros' for CMake module files
[7.562s] Level 1:colcon.colcon_core.environment:checking '/home/woni/worskspace/midterm/ros_ws/install/flask_ros' for CMake config files
[7.566s] Level 1:colcon.colcon_core.environment:checking '/home/woni/worskspace/midterm/ros_ws/install/flask_ros/lib'
[7.567s] Level 1:colcon.colcon_core.environment:checking '/home/woni/worskspace/midterm/ros_ws/install/flask_ros/bin'
[7.568s] Level 1:colcon.colcon_core.environment:checking '/home/woni/worskspace/midterm/ros_ws/install/flask_ros/lib/pkgconfig/flask_ros.pc'
[7.569s] Level 1:colcon.colcon_core.environment:checking '/home/woni/worskspace/midterm/ros_ws/install/flask_ros/lib/python3.8/site-packages'
[7.569s] Level 1:colcon.colcon_core.shell:create_environment_hook('flask_ros', 'pythonpath')
[7.570s] INFO:colcon.colcon_core.shell:Creating environment hook '/home/woni/worskspace/midterm/ros_ws/install/flask_ros/share/flask_ros/hook/pythonpath.ps1'
[7.574s] INFO:colcon.colcon_core.shell:Creating environment descriptor '/home/woni/worskspace/midterm/ros_ws/install/flask_ros/share/flask_ros/hook/pythonpath.dsv'
[7.576s] INFO:colcon.colcon_core.shell:Creating environment hook '/home/woni/worskspace/midterm/ros_ws/install/flask_ros/share/flask_ros/hook/pythonpath.sh'
[7.578s] Level 1:colcon.colcon_core.environment:checking '/home/woni/worskspace/midterm/ros_ws/install/flask_ros/bin'
[7.579s] Level 1:colcon.colcon_core.environment:create_environment_scripts_only(flask_ros)
[7.580s] INFO:colcon.colcon_core.shell:Creating package script '/home/woni/worskspace/midterm/ros_ws/install/flask_ros/share/flask_ros/package.ps1'
[7.585s] INFO:colcon.colcon_core.shell:Creating package descriptor '/home/woni/worskspace/midterm/ros_ws/install/flask_ros/share/flask_ros/package.dsv'
[7.588s] INFO:colcon.colcon_core.shell:Creating package script '/home/woni/worskspace/midterm/ros_ws/install/flask_ros/share/flask_ros/package.sh'
[7.593s] INFO:colcon.colcon_core.shell:Creating package script '/home/woni/worskspace/midterm/ros_ws/install/flask_ros/share/flask_ros/package.bash'
[7.597s] INFO:colcon.colcon_core.shell:Creating package script '/home/woni/worskspace/midterm/ros_ws/install/flask_ros/share/flask_ros/package.zsh'
[7.601s] Level 1:colcon.colcon_core.environment:create_file_with_runtime_dependencies(/home/woni/worskspace/midterm/ros_ws/install/flask_ros/share/colcon-core/packages/flask_ros)
[7.607s] DEBUG:colcon.colcon_parallel_executor.executor.parallel:closing loop
[7.608s] DEBUG:colcon.colcon_parallel_executor.executor.parallel:loop closed
[7.608s] DEBUG:colcon.colcon_parallel_executor.executor.parallel:run_until_complete finished with '0'
[7.609s] DEBUG:colcon.colcon_core.event_reactor:joining thread
[7.675s] INFO:colcon.colcon_core.plugin_system:Skipping extension 'colcon_notification.desktop_notification.terminal_notifier': Not used on non-Darwin systems
[7.676s] INFO:colcon.colcon_core.plugin_system:Skipping extension 'colcon_notification.desktop_notification.win32': Not used on non-Windows systems
[7.676s] INFO:colcon.colcon_notification.desktop_notification:Sending desktop notification using 'notify2'
[7.836s] DEBUG:colcon.colcon_core.event_reactor:joined thread
[7.838s] INFO:colcon.colcon_core.shell:Creating prefix script '/home/woni/worskspace/midterm/ros_ws/install/local_setup.ps1'
[7.860s] INFO:colcon.colcon_core.shell:Creating prefix util module '/home/woni/worskspace/midterm/ros_ws/install/_local_setup_util_ps1.py'
[7.871s] INFO:colcon.colcon_core.shell:Creating prefix chain script '/home/woni/worskspace/midterm/ros_ws/install/setup.ps1'
[7.875s] INFO:colcon.colcon_core.shell:Creating prefix script '/home/woni/worskspace/midterm/ros_ws/install/local_setup.sh'
[7.878s] INFO:colcon.colcon_core.shell:Creating prefix util module '/home/woni/worskspace/midterm/ros_ws/install/_local_setup_util_sh.py'
[7.881s] INFO:colcon.colcon_core.shell:Creating prefix chain script '/home/woni/worskspace/midterm/ros_ws/install/setup.sh'
[7.885s] INFO:colcon.colcon_core.shell:Creating prefix script '/home/woni/worskspace/midterm/ros_ws/install/local_setup.bash'
[7.888s] INFO:colcon.colcon_core.shell:Creating prefix chain script '/home/woni/worskspace/midterm/ros_ws/install/setup.bash'
[7.892s] INFO:colcon.colcon_core.shell:Creating prefix script '/home/woni/worskspace/midterm/ros_ws/install/local_setup.zsh'
[7.895s] INFO:colcon.colcon_core.shell:Creating prefix chain script '/home/woni/worskspace/midterm/ros_ws/install/setup.zsh'
